<?xml version="1.0" encoding="UTF-8"?>
<!-- Generated by org.testng.reporters.JUnitReportReporter -->
<testsuite hostname="DESKTOP-N1NG7JA" failures="0" tests="1" name="com.parlr.TestCases.tc3Test" time="0.015" errors="0" timestamp="2023-11-25T18:39:31 IST" skipped="0">
  <testcase classname="com.parlr.TestCases.tc3Test" name="mmm" time="0.015"/>
  <system-out>
    <![CDATA[Hello Qspider]]>
  </system-out>
</testsuite> <!-- com.parlr.TestCases.tc3Test -->
