<?xml version="1.0" encoding="UTF-8"?>
<!-- Generated by org.testng.reporters.JUnitReportReporter -->
<testsuite hostname="DESKTOP-N1NG7JA" failures="0" tests="1" name="com.parle.GenericLibary.BaseClass" time="27.172" errors="0" timestamp="2023-09-25T14:19:27 IST" skipped="0">
  <testcase classname="com.parle.GenericLibary.BaseClass" name="productMOduleTC" time="27.172"/>
  <system-out/>
</testsuite> <!-- com.parle.GenericLibary.BaseClass -->
