<?xml version="1.0" encoding="UTF-8"?>
<!-- Generated by org.testng.reporters.JUnitReportReporter -->
<testsuite hostname="DESKTOP-N1NG7JA" failures="0" tests="1" name="com.parlr.TestCases.Tc1Test" time="41.666" errors="0" timestamp="2023-12-20T10:55:45 IST" skipped="0">
  <testcase classname="com.parlr.TestCases.Tc1Test" name="tc1" time="41.666"/>
  <system-out>
    <![CDATA[TEst case Started tc1
Test case Executed Sucessfully tc1]]>
  </system-out>
</testsuite> <!-- com.parlr.TestCases.Tc1Test -->
