<?xml version="1.0" encoding="UTF-8"?>
<!-- Generated by org.testng.reporters.JUnitReportReporter -->
<testsuite hostname="DESKTOP-N1NG7JA" failures="0" tests="1" name="demo.Test1" time="8.955" errors="0" timestamp="2023-09-15T22:28:36 IST" skipped="0">
  <testcase classname="demo.Test1" name="m1" time="8.955"/>
  <system-out/>
</testsuite> <!-- demo.Test1 -->
